Arguments: 
  C:\Program Files\nodejs\node.exe C:\Program Files (x86)\Yarn\bin\yarn.js add --dev ts-jest @types/jest

PATH: 
  C:\Program Files\Common Files\Oracle\Java\javapath;C:\Program Files (x86)\VMware\VMware Player\bin\;C:\Windows\system32;C:\php8\;C:\Windows;C:\Windows\System32\Wbem;C:\Windows\System32\WindowsPowerShell\v1.0\;C:\Windows\System32\OpenSSH\;C:\Program Files (x86)\NVIDIA Corporation\PhysX\Common;C:\Program Files\NVIDIA Corporation\NVIDIA NvDLISR;C:\Program Files\Git\cmd;C:\ProgramData\ComposerSetup\bin;C:\Users\aaron\AppData\Roaming\Composer;C:\Program Files\Symfony;C:\Program Files (x86)\Yarn\bin\;C:\WINDOWS\system32;C:\WINDOWS;C:\WINDOWS\System32\Wbem;C:\WINDOWS\System32\WindowsPowerShell\v1.0\;C:\WINDOWS\System32\OpenSSH\;C:\Program Files (x86)\Nmap;C:\Program Files\Docker\Docker\resources\bin;C:\ProgramData\DockerDesktop\version-bin;C:\Users\aaron\AppData\Local\Programs\Python\Python39\Scripts;C:\Users\aaron\AppData\Local\Programs\Python\Python39;C:\Program Files\dotnet\;C:\metasploit-framework\bin\;C:\Program Files\Microsoft SQL Server\130\Tools\Binn\;C:\Program Files\Microsoft SQL Server\Client SDK\ODBC\170\Tools\Binn\;C:\Users\aaron\AppData\Local\Android\Sdk\platform-tools;C:\Program Files\Airshipper\;C:\Program Files\nodejs\;C:\php8;C:\Ruby30-x64\bin;C:\Program Files\MySQL\MySQL Shell 8.0\bin\;C:\Users\aaron\AppData\Local\Microsoft\WindowsApps;C:\Users\aaron\AppData\Local\Programs\Microsoft VS Code\bin;C:\Users\aaron\AppData\Roaming\Composer\vendor\bin;C:\Program Files\heroku\bin;C:\Users\aaron\AppData\Local\Yarn\bin;C:\cygwin64;C:\flutter\bin;C:\Users\aaron\.dotnet\tools;C:\Users\aaron\AppData\Local\Android\Sdk\platform-tools;C:\Users\aaron\AppData\Local\Android\Sdk\emulator;C:\Users\aaron\AppData\Roaming\npm

Yarn version: 
  1.22.5

Node version: 
  16.14.2

Platform: 
  win32 x64

Trace: 
  Error: EPERM: operation not permitted, unlink 'C:\Users\aaron\Documents\myevents\node_modules\bcrypt\lib\binding\napi-v3\bcrypt_lib.node'

npm manifest: 
  {
    "name": "cms",
    "version": "1.0.0",
    "description": "",
    "main": "app.js",
    "scripts": {
      "build": "rimraf ./build ; tsc ; copy -R ./Core/Views ./build/app/ ; copy -R ./Core/public ./build ; copy -R ./Core/Views ./build/Core/",
      "watch": "npm run build ; nodemon build/app.js",
      "start": "nodemon build/app.js",
      "test": "jest"
    },
    "author": "",
    "license": "ISC",
    "devDependencies": {
      "@types/bcrypt": "^5.0.0",
      "@types/cors": "^2.8.12",
      "@types/ejs": "^3.0.7",
      "@types/express": "^4.17.13",
      "@types/jsonwebtoken": "^8.5.8",
      "@types/multer": "^1.4.7",
      "@types/node": "^16.11.26",
      "@types/nodemailer": "^6.4.4",
      "@types/qrcode": "^1.4.2",
      "jest": "^27.5.1",
      "jsonwebtoken": "^8.5.1",
      "nodemon": "^2.0.12",
      "prisma": "^3.11.0",
      "qrcode": "^1.5.0",
      "rimraf": "^3.0.2",
      "ts-node": "^10.1.0",
      "typescript": "^4.3.5"
    },
    "dependencies": {
      "@prisma/client": "^3.11.0",
      "@types/csurf": "^1.11.2",
      "@types/file-saver": "^2.0.5",
      "@types/multiparty": "0.0.33",
      "bcrypt": "^5.0.1",
      "cloudmailin": "0.0.3",
      "cors": "^2.8.5",
      "csurf": "^1.11.0",
      "dotenv": "^10.0.0",
      "ejs": "^3.1.6",
      "express": "^4.17.2",
      "file-saver": "^2.0.5",
      "form-data": "^4.0.0",
      "multer": "^1.4.4",
      "multiparty": "^4.2.3",
      "mysql": "^2.18.1",
      "mysql2": "^2.2.5",
      "nodemailer": "^6.7.2",
      "reflect-metadata": "^0.1.13",
      "sequelize": "^6.17.0",
      "sequelize-typescript": "^2.1.3",
      "typeorm": "^0.2.45"
    }
  }

yarn manifest: 
  No manifest

Lockfile: 
  No lockfile
